08:27:39.013 [main                     ] DEBUG Logger               - Configured Logger
08:27:39.044 [main                     ] DEBUG GameApplication      - Logging settings
Title: Basic Game App
Version: 0.0
Width: 800
Height: 600
Fullscreen: false
Intro: false
Profiling: false
Single step:false
App Mode: DEVELOPER
Menu Key: ESCAPE
Stage Style: DECORATED
Scene Factory: class com.almasb.fxgl.app.scene.SceneFactory

08:27:40.226 [JavaFX Application Thread] DEBUG FXGLApplication      - Initializing FXGL
08:27:40.229 [JavaFX Application Thread] INFO  Engine               - FXGL-11.17 (16.07.2021 15.46) on MAC (J:16.0.2 FX:17.0.2-ea)
08:27:40.229 [JavaFX Application Thread] DEBUG Engine               - JRE Vendor Name: Amazon.com Inc.
08:27:40.230 [JavaFX Application Thread] DEBUG Engine               - Running on OS: Mac OS X version 12.6.1
08:27:40.230 [JavaFX Application Thread] DEBUG Engine               - Architecture: x86_64
08:27:40.230 [JavaFX Application Thread] INFO  Engine               - Source code and latest versions at: https://github.com/AlmasB/FXGL
08:27:40.231 [JavaFX Application Thread] INFO  Engine               -              Join the FXGL chat at: https://gitter.im/AlmasB/FXGL
08:27:40.351 [JavaFX Application Thread] DEBUG PrimaryStageWindow   - Creating a JavaFX scene
08:27:40.392 [JavaFX Application Thread] DEBUG PrimaryStageWindow   - Target settings size: 800.0 x 600.0
08:27:40.393 [JavaFX Application Thread] DEBUG PrimaryStageWindow   - Scaled scene size:    800.0 x 600.0
08:27:40.393 [JavaFX Application Thread] DEBUG PrimaryStageWindow   - Scaled ratio: (1.0, 1.0)
08:27:40.394 [JavaFX Application Thread] DEBUG PrimaryStageWindow   - Set initial scene to FXGLStartupScene
08:27:40.401 [JavaFX Application Thread] DEBUG PrimaryStageWindow   - Opening main window
08:27:40.473 [JavaFX Application Thread] DEBUG PrimaryStageWindow   - Window border size: (0.0, 28.0)
08:27:40.473 [JavaFX Application Thread] DEBUG PrimaryStageWindow   - Scaled size: 800.0 x 600.0
08:27:40.473 [JavaFX Application Thread] DEBUG PrimaryStageWindow   - Scaled ratio: (1.0, 1.0)
08:27:40.474 [JavaFX Application Thread] DEBUG PrimaryStageWindow   - Scene size: 800.0 x 600.0
08:27:40.474 [JavaFX Application Thread] DEBUG PrimaryStageWindow   - Stage size: 800.0 x 628.0
08:27:40.481 [FXGL Background Thread 1 ] DEBUG Engine               - Initializing environment variables
08:27:40.534 [FXGL Background Thread 1 ] DEBUG FXGLAssetLoaderServi - User app class for loading assets: class com.example.demojumpandrun.App
08:27:40.534 [FXGL Background Thread 1 ] DEBUG GameApplicationServi - Applying CSS: fxgl_dark.css
08:27:40.535 [FXGL Background Thread 1 ] DEBUG FXGLAssetLoaderServi - Loading from file system: jar:file:///Users/admin/.m2/repository/com/github/almasb/fxgl/11.17/fxgl-11.17.jar!/fxglassets/ui/css/fxgl_dark.css
08:27:40.593 [FXGL Background Thread 1 ] DEBUG GameApplicationServi - Initializing application scenes
08:27:40.887 [FXGL Background Thread 1 ] DEBUG GameWorld            - Game world initialized
08:27:40.933 [FXGL Background Thread 1 ] DEBUG PhysicsWorld         - Physics world initialized: appHeight=600, physics.ppm=50,0
08:27:40.933 [FXGL Background Thread 1 ] DEBUG PhysicsWorld         - Using strategy: BRUTE_FORCE
08:27:40.936 [FXGL Background Thread 1 ] DEBUG GameScene            - Game scene initialized: 800x600
08:27:40.951 [FXGL Background Thread 1 ] DEBUG FXGL.DefaultMenu     - createMenuBodyGameMenu()
08:27:40.969 [FXGL Background Thread 1 ] DEBUG FXGL.DefaultMenu     - createOptionsMenu()
08:27:40.983 [FXGL Background Thread 1 ] DEBUG FXGLAssetLoaderServi - Loading from file system: jar:file:///Users/admin/.m2/repository/com/github/almasb/fxgl/11.17/fxgl-11.17.jar!/fxglassets/textures/particles/smoke.png
08:27:41.116 [FXGL Background Thread 1 ] DEBUG FXGLAssetLoaderServi - Loading from file system: jar:file:///Users/admin/.m2/repository/com/github/almasb/fxgl/11.17/fxgl-11.17.jar!/fxglassets/textures/particles/trace_horizontal.png
08:27:41.166 [FXGL Background Thread 1 ] DEBUG GameApplicationServi - Application scenes initialized
08:27:41.181 [FXGL Background Thread 1 ] DEBUG SystemBundleService  - Loading FXGL system data
08:27:41.189 [FXGL Background Thread 1 ] DEBUG FileSystemAccess     - Reading from: /Users/admin/IdeaProjects/DemoJumpAndRun/system/fxgl.bundle
08:27:41.201 [FXGL Background Thread 1 ] DEBUG SystemBundleService  - Bundle FXGL: {}
08:27:41.202 [FXGL Background Thread 1 ] DEBUG UpdaterService       - Checking for updates
08:27:41.208 [FXGL Background Thread 4 ] DEBUG FXGLApplication      - Loading fonts
08:27:41.209 [FXGL Background Thread 4 ] DEBUG FXGLAssetLoaderServi - Loading from file system: jar:file:///Users/admin/.m2/repository/com/github/almasb/fxgl/11.17/fxgl-11.17.jar!/fxglassets/ui/fonts/VarelaRound-Regular.ttf
08:27:41.209 [FXGL Background Thread 1 ] DEBUG FXGLApplication      - Loading default localization
08:27:41.209 [FXGL Background Thread 1 ] DEBUG FXGLAssetLoaderServi - Loading from file system: jar:file:///Users/admin/.m2/repository/com/github/almasb/fxgl/11.17/fxgl-11.17.jar!/fxglassets/languages/english.lang
08:27:41.224 [FXGL Background Thread 4 ] DEBUG FXGLAssetLoaderServi - Loading from file system: jar:file:///Users/admin/.m2/repository/com/github/almasb/fxgl/11.17/fxgl-11.17.jar!/fxglassets/ui/fonts/Abel-Regular.ttf
08:27:41.226 [FXGL Background Thread 1 ] INFO  FXGLApplication      - FXGL initialization took: 0,744 sec
08:27:41.227 [JavaFX Application Thread] DEBUG FXGLAssetLoaderServi - Loading from file system: jar:file:///Users/admin/.m2/repository/com/github/almasb/fxgl/11.17/fxgl-11.17.jar!/fxglassets/textures/fxgl_icon.png
08:27:41.228 [FXGL Background Thread 4 ] DEBUG FXGLAssetLoaderServi - Loading from file system: jar:file:///Users/admin/.m2/repository/com/github/almasb/fxgl/11.17/fxgl-11.17.jar!/fxglassets/ui/fonts/lucida_console.ttf
08:27:41.242 [FXGL Background Thread 4 ] DEBUG FXGLAssetLoaderServi - Loading from file system: jar:file:///Users/admin/.m2/repository/com/github/almasb/fxgl/11.17/fxgl-11.17.jar!/fxglassets/ui/fonts/Courier-Prime.ttf
08:27:41.267 [JavaFX Application Thread] DEBUG FXGLAssetLoaderServi - Loading from file system: jar:file:///Users/admin/.m2/repository/com/github/almasb/fxgl/11.17/fxgl-11.17.jar!/fxglassets/textures/fxgl_default_cursor.png
08:27:41.281 [JavaFX Application Thread] DEBUG Input                - Registered new binding: Screenshot - CTRL+8
08:27:41.281 [JavaFX Application Thread] DEBUG Input                - Registered new binding: System info dump - CTRL+9
08:27:41.282 [JavaFX Application Thread] DEBUG Input                - Registered new binding: Restart - CTRL+R
08:27:41.283 [JavaFX Application Thread] DEBUG Input                - Registered new binding: Toggle Debug Camera - CTRL+C
08:27:41.285 [JavaFX Application Thread] DEBUG LoopRunner           - Starting loop
08:27:41.285 [JavaFX Application Thread] DEBUG LoopRunner           - Initializing JavaFX AnimationTimerLoop
08:27:41.287 [JavaFX Application Thread] DEBUG GameApplicationServi - Starting new game
08:27:41.287 [JavaFX Application Thread] DEBUG Input                - Clearing active input actions
08:27:41.299 [JavaFX Application Thread] DEBUG GameApplicationServi - Removing overlay from FXGLStartupScene and adding to FXGLLoadingScene
08:27:41.299 [JavaFX Application Thread] DEBUG PrimaryStageWindow   - FXGLStartupScene -> FXGLLoadingScene
08:27:41.300 [JavaFX Application Thread] DEBUG GameApplicationServi - Clearing previous game
08:27:41.300 [JavaFX Application Thread] DEBUG GameScene            - Clearing game scene
08:27:41.300 [JavaFX Application Thread] DEBUG GameWorld            - Clearing game world
08:27:41.301 [JavaFX Application Thread] DEBUG PhysicsWorld         - Clearing physics world
08:27:41.302 [FXGL Background Thread 4 ] DEBUG FXGLApplication      - Initializing game
08:27:41.304 [FXGL Background Thread 4 ] INFO  FXGLApplication      - Game initialization took: 0,001 sec
08:27:41.340 [JavaFX Application Thread] DEBUG FXGLApplication      - Registering font factories with UI factory
08:27:41.396 [JavaFX Application Thread] DEBUG Input                - Clearing active input actions
08:27:41.405 [JavaFX Application Thread] DEBUG GameApplicationServi - Removing overlay from FXGLLoadingScene and adding to GameScene
08:27:41.405 [JavaFX Application Thread] DEBUG PrimaryStageWindow   - FXGLLoadingScene -> GameScene
08:27:41.684 [FXGL Background Thread 2 ] INFO  UpdaterService       - Your current version:  11.17
08:27:41.685 [FXGL Background Thread 2 ] INFO  UpdaterService       - Latest stable version: 17.2
08:27:44.206 [FXGL Background Thread 3 ] DEBUG Engine               - Logging environment variables
08:27:44.207 [FXGL Background Thread 3 ] DEBUG Engine               - achievements: []
08:27:44.207 [FXGL Background Thread 3 ] DEBUG Engine               - actualHeight: 600.0
08:27:44.208 [FXGL Background Thread 3 ] DEBUG Engine               - actualHeightProperty: ReadOnlyDoubleProperty [value: 600.0]
08:27:44.208 [FXGL Background Thread 3 ] DEBUG Engine               - actualWidth: 800.0
08:27:44.209 [FXGL Background Thread 3 ] DEBUG Engine               - actualWidthProperty: ReadOnlyDoubleProperty [value: 800.0]
08:27:44.209 [FXGL Background Thread 3 ] DEBUG Engine               - appIcon: fxgl_icon.png
08:27:44.209 [FXGL Background Thread 3 ] DEBUG Engine               - applicationMode: DEVELOPER
08:27:44.210 [FXGL Background Thread 3 ] DEBUG Engine               - cSSList: [fxgl_dark.css]
08:27:44.210 [FXGL Background Thread 3 ] DEBUG Engine               - collisionDetectionStrategy: BRUTE_FORCE
08:27:44.210 [FXGL Background Thread 3 ] DEBUG Engine               - configClass: Optional.empty
08:27:44.211 [FXGL Background Thread 3 ] DEBUG Engine               - credits: []
08:27:44.211 [FXGL Background Thread 3 ] DEBUG Engine               - defaultCursor: CursorInfo(imageName=fxgl_default_cursor.png, hotspotX=7.0, hotspotY=6.0)
08:27:44.212 [FXGL Background Thread 3 ] DEBUG Engine               - devBBoxColorProperty: ObjectProperty [value: 0xff0000ff]
08:27:44.212 [FXGL Background Thread 3 ] DEBUG Engine               - devEnableDebugCameraProperty: BooleanProperty [value: false]
08:27:44.213 [FXGL Background Thread 3 ] DEBUG Engine               - devSensorColorProperty: ObjectProperty [value: 0xffff00ff]
08:27:44.213 [FXGL Background Thread 3 ] DEBUG Engine               - devShowBBoxProperty: BooleanProperty [value: false]
08:27:44.213 [FXGL Background Thread 3 ] DEBUG Engine               - devShowPositionProperty: BooleanProperty [value: false]
08:27:44.214 [FXGL Background Thread 3 ] DEBUG Engine               - enabledMenuItems: []
08:27:44.214 [FXGL Background Thread 3 ] DEBUG Engine               - engineServices: [class com.almasb.fxgl.app.services.FXGLAssetLoaderService, class com.almasb.fxgl.app.FXGLApplication$GameApplicationService, class com.almasb.fxgl.app.services.FXGLDialogService, class com.almasb.fxgl.app.services.IOTaskExecutorService, class com.almasb.fxgl.io.FileSystemService, class com.almasb.fxgl.localization.LocalizationService, class com.almasb.fxgl.app.services.SystemBundleService, class com.almasb.fxgl.profile.SaveLoadService, class com.almasb.fxgl.ui.FXGLUIFactoryServiceProvider, class com.almasb.fxgl.ui.FXGLDialogFactoryServiceProvider, class com.almasb.fxgl.audio.AudioPlayer, class com.almasb.fxgl.notification.impl.NotificationServiceProvider, class com.almasb.fxgl.achievement.AchievementService, class com.almasb.fxgl.cutscene.CutsceneService, class com.almasb.fxgl.minigames.MiniGameService, class com.almasb.fxgl.net.NetService, class com.almasb.fxgl.app.services.UpdaterService, class com.almasb.fxgl.dev.DevService]
08:27:44.214 [FXGL Background Thread 3 ] DEBUG Engine               - fontGame: Abel-Regular.ttf
08:27:44.214 [FXGL Background Thread 3 ] DEBUG Engine               - fontMono: lucida_console.ttf
08:27:44.215 [FXGL Background Thread 3 ] DEBUG Engine               - fontText: Courier-Prime.ttf
08:27:44.215 [FXGL Background Thread 3 ] DEBUG Engine               - fontUI: VarelaRound-Regular.ttf
08:27:44.215 [FXGL Background Thread 3 ] DEBUG Engine               - fullScreen: BooleanProperty [value: false]
08:27:44.215 [FXGL Background Thread 3 ] DEBUG Engine               - gameDifficulty: MEDIUM
08:27:44.216 [FXGL Background Thread 3 ] DEBUG Engine               - gameDifficultyProperty: ObjectProperty [value: MEDIUM]
08:27:44.216 [FXGL Background Thread 3 ] DEBUG Engine               - globalMusicVolume: 0.5
08:27:44.216 [FXGL Background Thread 3 ] DEBUG Engine               - globalMusicVolumeProperty: DoubleProperty [value: 0.5]
08:27:44.217 [FXGL Background Thread 3 ] DEBUG Engine               - globalSoundVolume: 0.5
08:27:44.217 [FXGL Background Thread 3 ] DEBUG Engine               - globalSoundVolumeProperty: DoubleProperty [value: 0.5]
08:27:44.217 [FXGL Background Thread 3 ] DEBUG Engine               - height: 600
08:27:44.217 [FXGL Background Thread 3 ] DEBUG Engine               - is3D: false
08:27:44.218 [FXGL Background Thread 3 ] DEBUG Engine               - isAndroid: false
08:27:44.218 [FXGL Background Thread 3 ] DEBUG Engine               - isBrowser: false
08:27:44.218 [FXGL Background Thread 3 ] DEBUG Engine               - isClickFeedbackEnabled: false
08:27:44.218 [FXGL Background Thread 3 ] DEBUG Engine               - isCloseConfirmation: false
08:27:44.219 [FXGL Background Thread 3 ] DEBUG Engine               - isDesktop: true
08:27:44.219 [FXGL Background Thread 3 ] DEBUG Engine               - isDeveloperMenuEnabled: false
08:27:44.219 [FXGL Background Thread 3 ] DEBUG Engine               - isEntityPreloadEnabled: true
08:27:44.219 [FXGL Background Thread 3 ] DEBUG Engine               - isExperimentalTiledLargeMap: false
08:27:44.219 [FXGL Background Thread 3 ] DEBUG Engine               - isFileSystemWriteAllowed: true
08:27:44.220 [FXGL Background Thread 3 ] DEBUG Engine               - isFullScreenAllowed: false
08:27:44.220 [FXGL Background Thread 3 ] DEBUG Engine               - isFullScreenFromStart: false
08:27:44.220 [FXGL Background Thread 3 ] DEBUG Engine               - isGameMenuEnabled: true
08:27:44.220 [FXGL Background Thread 3 ] DEBUG Engine               - isIOS: false
08:27:44.220 [FXGL Background Thread 3 ] DEBUG Engine               - isIntroEnabled: false
08:27:44.221 [FXGL Background Thread 3 ] DEBUG Engine               - isLinux: false
08:27:44.221 [FXGL Background Thread 3 ] DEBUG Engine               - isMac: true
08:27:44.221 [FXGL Background Thread 3 ] DEBUG Engine               - isMainMenuEnabled: false
08:27:44.221 [FXGL Background Thread 3 ] DEBUG Engine               - isManualResizeEnabled: false
08:27:44.222 [FXGL Background Thread 3 ] DEBUG Engine               - isMobile: false
08:27:44.222 [FXGL Background Thread 3 ] DEBUG Engine               - isNative: false
08:27:44.222 [FXGL Background Thread 3 ] DEBUG Engine               - isPauseMusicWhenMinimized: true
08:27:44.222 [FXGL Background Thread 3 ] DEBUG Engine               - isPreserveResizeRatio: false
08:27:44.222 [FXGL Background Thread 3 ] DEBUG Engine               - isProfilingEnabled: false
08:27:44.223 [FXGL Background Thread 3 ] DEBUG Engine               - isScaleAffectedOnResize: true
08:27:44.223 [FXGL Background Thread 3 ] DEBUG Engine               - isSingleStep: false
08:27:44.223 [FXGL Background Thread 3 ] DEBUG Engine               - isUserProfileEnabled: false
08:27:44.223 [FXGL Background Thread 3 ] DEBUG Engine               - isWindows: false
08:27:44.224 [FXGL Background Thread 3 ] DEBUG Engine               - language: ObjectProperty [value: ENGLISH]
08:27:44.224 [FXGL Background Thread 3 ] DEBUG Engine               - menuKey: ESCAPE
08:27:44.224 [FXGL Background Thread 3 ] DEBUG Engine               - mouseSensitivity: 0.2
08:27:44.224 [FXGL Background Thread 3 ] DEBUG Engine               - notificationViewClass: class com.almasb.fxgl.notification.view.XboxNotificationView
08:27:44.224 [FXGL Background Thread 3 ] DEBUG Engine               - pixelsPerMeter: 50.0
08:27:44.225 [FXGL Background Thread 3 ] DEBUG Engine               - platform: MAC
08:27:44.225 [FXGL Background Thread 3 ] DEBUG Engine               - prefHeightProperty: ReadOnlyDoubleProperty [value: 600.0]
08:27:44.225 [FXGL Background Thread 3 ] DEBUG Engine               - prefWidthProperty: ReadOnlyDoubleProperty [value: 800.0]
08:27:44.225 [FXGL Background Thread 3 ] DEBUG Engine               - profileDir: profiles/
08:27:44.225 [FXGL Background Thread 3 ] DEBUG Engine               - profileName: StringProperty [value: DEFAULT]
08:27:44.226 [FXGL Background Thread 3 ] DEBUG Engine               - randomSeed: -1
08:27:44.226 [FXGL Background Thread 3 ] DEBUG Engine               - runtimeInfo: RuntimeInfo(platform=MAC, version=11.17, build=16.07.2021 15.46)
08:27:44.226 [FXGL Background Thread 3 ] DEBUG Engine               - saveFileExt: sav
08:27:44.226 [FXGL Background Thread 3 ] DEBUG Engine               - scaledHeightProp$fxgl: DoubleProperty [bound, value: 600.0]
08:27:44.226 [FXGL Background Thread 3 ] DEBUG Engine               - scaledWidthProp$fxgl: DoubleProperty [bound, value: 800.0]
08:27:44.226 [FXGL Background Thread 3 ] DEBUG Engine               - sceneFactory: com.almasb.fxgl.app.scene.SceneFactory@1a8ebd21
08:27:44.227 [FXGL Background Thread 3 ] DEBUG Engine               - secondsIn24h: 60
08:27:44.227 [FXGL Background Thread 3 ] DEBUG Engine               - soundMenuBack: menu/back.wav
08:27:44.227 [FXGL Background Thread 3 ] DEBUG Engine               - soundMenuPress: menu/press.wav
08:27:44.227 [FXGL Background Thread 3 ] DEBUG Engine               - soundMenuSelect: menu/select.wav
08:27:44.227 [FXGL Background Thread 3 ] DEBUG Engine               - soundNotification: core/notification.wav
08:27:44.227 [FXGL Background Thread 3 ] DEBUG Engine               - stageStyle: DECORATED
08:27:44.227 [FXGL Background Thread 3 ] DEBUG Engine               - supportedLanguages: [ENGLISH, FRENCH, GERMAN, HUNGARIAN, RUSSIAN]
08:27:44.228 [FXGL Background Thread 3 ] DEBUG Engine               - ticksPerSecond: -1
08:27:44.228 [FXGL Background Thread 3 ] DEBUG Engine               - title: Basic Game App
08:27:44.228 [FXGL Background Thread 3 ] DEBUG Engine               - urlGithub: https://github.com/AlmasB/FXGL
08:27:44.228 [FXGL Background Thread 3 ] DEBUG Engine               - urlLeaderboard: http://fxgl-top.herokuapp.com/
08:27:44.228 [FXGL Background Thread 3 ] DEBUG Engine               - urlPOM: https://raw.githubusercontent.com/AlmasB/FXGL/release/README.md
08:27:44.228 [FXGL Background Thread 3 ] DEBUG Engine               - userAppClass: class com.example.demojumpandrun.App
08:27:44.228 [FXGL Background Thread 3 ] DEBUG Engine               - version: 0.0
08:27:44.228 [FXGL Background Thread 3 ] DEBUG Engine               - versionCheckDays: 7
08:27:44.229 [FXGL Background Thread 3 ] DEBUG Engine               - width: 800
08:27:44.229 [FXGL Background Thread 3 ] DEBUG Engine               - Logging services
08:27:44.229 [FXGL Background Thread 3 ] DEBUG Engine               - class com.almasb.fxgl.app.services.FXGLAssetLoaderService
08:27:44.229 [FXGL Background Thread 3 ] DEBUG Engine               - class com.almasb.fxgl.app.FXGLApplication$GameApplicationService
08:27:44.229 [FXGL Background Thread 3 ] DEBUG Engine               - class com.almasb.fxgl.app.services.FXGLDialogService
08:27:44.230 [FXGL Background Thread 3 ] DEBUG Engine               - class com.almasb.fxgl.app.services.IOTaskExecutorService
08:27:44.230 [FXGL Background Thread 3 ] DEBUG Engine               - class com.almasb.fxgl.io.FileSystemService
08:27:44.230 [FXGL Background Thread 3 ] DEBUG Engine               - class com.almasb.fxgl.localization.LocalizationService
08:27:44.230 [FXGL Background Thread 3 ] DEBUG Engine               - class com.almasb.fxgl.app.services.SystemBundleService
08:27:44.230 [FXGL Background Thread 3 ] DEBUG Engine               - class com.almasb.fxgl.profile.SaveLoadService
08:27:44.231 [FXGL Background Thread 3 ] DEBUG Engine               - class com.almasb.fxgl.ui.FXGLUIFactoryServiceProvider
08:27:44.231 [FXGL Background Thread 3 ] DEBUG Engine               - class com.almasb.fxgl.ui.FXGLDialogFactoryServiceProvider
08:27:44.231 [FXGL Background Thread 3 ] DEBUG Engine               - class com.almasb.fxgl.audio.AudioPlayer
08:27:44.231 [FXGL Background Thread 3 ] DEBUG Engine               - class com.almasb.fxgl.notification.impl.NotificationServiceProvider
08:27:44.231 [FXGL Background Thread 3 ] DEBUG Engine               - class com.almasb.fxgl.achievement.AchievementService
08:27:44.231 [FXGL Background Thread 3 ] DEBUG Engine               - class com.almasb.fxgl.cutscene.CutsceneService
08:27:44.232 [FXGL Background Thread 3 ] DEBUG Engine               - class com.almasb.fxgl.minigames.MiniGameService
08:27:44.232 [FXGL Background Thread 3 ] DEBUG Engine               - class com.almasb.fxgl.net.NetService
08:27:44.232 [FXGL Background Thread 3 ] DEBUG Engine               - class com.almasb.fxgl.app.services.UpdaterService
08:27:44.232 [FXGL Background Thread 3 ] DEBUG Engine               - class com.almasb.fxgl.dev.DevService
08:27:48.562 [JavaFX Application Thread] DEBUG FXGLApplication      - Exiting FXGL
08:27:48.562 [JavaFX Application Thread] DEBUG LoopRunner           - Stopping loop
08:27:48.563 [JavaFX Application Thread] DEBUG SystemBundleService  - Saving FXGL system data
08:27:48.565 [JavaFX Application Thread] DEBUG FileSystemAccess     - Writing to: /Users/admin/IdeaProjects/DemoJumpAndRun/system/fxgl.bundle
08:27:48.568 [JavaFX Application Thread] DEBUG Async                - Shutting down background threads
08:27:48.568 [JavaFX Application Thread] DEBUG PrimaryStageWindow   - Closing main window
08:27:48.576 [JavaFX Application Thread] DEBUG Logger               - Closing Logger
