12:56:17.046 [main                     ] DEBUG Logger               - Configured Logger
12:56:17.075 [main                     ] DEBUG GameApplication      - Logging settings
Title: Basic Game App
Version: 0.0
Width: 800
Height: 600
Fullscreen: false
Intro: false
Profiling: false
Single step:false
App Mode: DEVELOPER
Menu Key: ESCAPE
Stage Style: DECORATED
Scene Factory: class com.almasb.fxgl.app.scene.SceneFactory

12:56:18.162 [JavaFX Application Thread] DEBUG FXGLApplication      - Initializing FXGL
12:56:18.165 [JavaFX Application Thread] INFO  Engine               - FXGL-11.17 (16.07.2021 15.46) on MAC (J:16.0.2 FX:17.0.2-ea)
12:56:18.165 [JavaFX Application Thread] DEBUG Engine               - JRE Vendor Name: Amazon.com Inc.
12:56:18.165 [JavaFX Application Thread] DEBUG Engine               - Running on OS: Mac OS X version 12.6.1
12:56:18.166 [JavaFX Application Thread] DEBUG Engine               - Architecture: x86_64
12:56:18.166 [JavaFX Application Thread] INFO  Engine               - Source code and latest versions at: https://github.com/AlmasB/FXGL
12:56:18.167 [JavaFX Application Thread] INFO  Engine               -              Join the FXGL chat at: https://gitter.im/AlmasB/FXGL
12:56:18.252 [JavaFX Application Thread] DEBUG PrimaryStageWindow   - Creating a JavaFX scene
12:56:18.302 [JavaFX Application Thread] DEBUG PrimaryStageWindow   - Target settings size: 800.0 x 600.0
12:56:18.303 [JavaFX Application Thread] DEBUG PrimaryStageWindow   - Scaled scene size:    800.0 x 600.0
12:56:18.303 [JavaFX Application Thread] DEBUG PrimaryStageWindow   - Scaled ratio: (1.0, 1.0)
12:56:18.304 [JavaFX Application Thread] DEBUG PrimaryStageWindow   - Set initial scene to FXGLStartupScene
12:56:18.315 [JavaFX Application Thread] DEBUG PrimaryStageWindow   - Opening main window
12:56:18.405 [JavaFX Application Thread] DEBUG PrimaryStageWindow   - Window border size: (0.0, 28.0)
12:56:18.406 [JavaFX Application Thread] DEBUG PrimaryStageWindow   - Scaled size: 800.0 x 600.0
12:56:18.406 [JavaFX Application Thread] DEBUG PrimaryStageWindow   - Scaled ratio: (1.0, 1.0)
12:56:18.406 [JavaFX Application Thread] DEBUG PrimaryStageWindow   - Scene size: 800.0 x 600.0
12:56:18.407 [JavaFX Application Thread] DEBUG PrimaryStageWindow   - Stage size: 800.0 x 628.0
12:56:18.414 [FXGL Background Thread 1 ] DEBUG Engine               - Initializing environment variables
12:56:18.460 [FXGL Background Thread 1 ] DEBUG FXGLAssetLoaderServi - User app class for loading assets: class com.example.demojumpandrun.App
12:56:18.460 [FXGL Background Thread 1 ] DEBUG GameApplicationServi - Applying CSS: fxgl_dark.css
12:56:18.461 [FXGL Background Thread 1 ] DEBUG FXGLAssetLoaderServi - Loading from file system: jar:file:///Users/admin/.m2/repository/com/github/almasb/fxgl/11.17/fxgl-11.17.jar!/fxglassets/ui/css/fxgl_dark.css
12:56:18.515 [FXGL Background Thread 1 ] DEBUG GameApplicationServi - Initializing application scenes
12:56:18.885 [FXGL Background Thread 1 ] DEBUG GameWorld            - Game world initialized
12:56:18.931 [FXGL Background Thread 1 ] DEBUG PhysicsWorld         - Physics world initialized: appHeight=600, physics.ppm=50,0
12:56:18.931 [FXGL Background Thread 1 ] DEBUG PhysicsWorld         - Using strategy: BRUTE_FORCE
12:56:18.934 [FXGL Background Thread 1 ] DEBUG GameScene            - Game scene initialized: 800x600
12:56:18.947 [FXGL Background Thread 1 ] DEBUG FXGL.DefaultMenu     - createMenuBodyGameMenu()
12:56:18.962 [FXGL Background Thread 1 ] DEBUG FXGL.DefaultMenu     - createOptionsMenu()
12:56:18.975 [FXGL Background Thread 1 ] DEBUG FXGLAssetLoaderServi - Loading from file system: jar:file:///Users/admin/.m2/repository/com/github/almasb/fxgl/11.17/fxgl-11.17.jar!/fxglassets/textures/particles/smoke.png
12:56:19.088 [FXGL Background Thread 1 ] DEBUG FXGLAssetLoaderServi - Loading from file system: jar:file:///Users/admin/.m2/repository/com/github/almasb/fxgl/11.17/fxgl-11.17.jar!/fxglassets/textures/particles/trace_horizontal.png
12:56:19.114 [FXGL Background Thread 1 ] DEBUG GameApplicationServi - Application scenes initialized
12:56:19.125 [FXGL Background Thread 1 ] DEBUG SystemBundleService  - Loading FXGL system data
12:56:19.130 [FXGL Background Thread 1 ] DEBUG FileSystemAccess     - Reading from: /Users/admin/IdeaProjects/DemoJumpAndRun/system/fxgl.bundle
12:56:19.139 [FXGL Background Thread 1 ] DEBUG SystemBundleService  - Bundle FXGL: {}
12:56:19.139 [FXGL Background Thread 1 ] DEBUG UpdaterService       - Checking for updates
12:56:19.144 [FXGL Background Thread 4 ] DEBUG FXGLApplication      - Loading fonts
12:56:19.144 [FXGL Background Thread 1 ] DEBUG FXGLApplication      - Loading default localization
12:56:19.144 [FXGL Background Thread 4 ] DEBUG FXGLAssetLoaderServi - Loading from file system: jar:file:///Users/admin/.m2/repository/com/github/almasb/fxgl/11.17/fxgl-11.17.jar!/fxglassets/ui/fonts/VarelaRound-Regular.ttf
12:56:19.145 [FXGL Background Thread 1 ] DEBUG FXGLAssetLoaderServi - Loading from file system: jar:file:///Users/admin/.m2/repository/com/github/almasb/fxgl/11.17/fxgl-11.17.jar!/fxglassets/languages/english.lang
12:56:19.160 [FXGL Background Thread 4 ] DEBUG FXGLAssetLoaderServi - Loading from file system: jar:file:///Users/admin/.m2/repository/com/github/almasb/fxgl/11.17/fxgl-11.17.jar!/fxglassets/ui/fonts/Abel-Regular.ttf
12:56:19.162 [FXGL Background Thread 1 ] INFO  FXGLApplication      - FXGL initialization took: 0,747 sec
12:56:19.164 [JavaFX Application Thread] DEBUG FXGLAssetLoaderServi - Loading from file system: jar:file:///Users/admin/.m2/repository/com/github/almasb/fxgl/11.17/fxgl-11.17.jar!/fxglassets/textures/fxgl_icon.png
12:56:19.164 [FXGL Background Thread 4 ] DEBUG FXGLAssetLoaderServi - Loading from file system: jar:file:///Users/admin/.m2/repository/com/github/almasb/fxgl/11.17/fxgl-11.17.jar!/fxglassets/ui/fonts/lucida_console.ttf
12:56:19.171 [FXGL Background Thread 4 ] DEBUG FXGLAssetLoaderServi - Loading from file system: jar:file:///Users/admin/.m2/repository/com/github/almasb/fxgl/11.17/fxgl-11.17.jar!/fxglassets/ui/fonts/Courier-Prime.ttf
12:56:19.196 [JavaFX Application Thread] DEBUG FXGLAssetLoaderServi - Loading from file system: jar:file:///Users/admin/.m2/repository/com/github/almasb/fxgl/11.17/fxgl-11.17.jar!/fxglassets/textures/fxgl_default_cursor.png
12:56:19.209 [JavaFX Application Thread] DEBUG Input                - Registered new binding: Screenshot - CTRL+8
12:56:19.210 [JavaFX Application Thread] DEBUG Input                - Registered new binding: System info dump - CTRL+9
12:56:19.210 [JavaFX Application Thread] DEBUG Input                - Registered new binding: Restart - CTRL+R
12:56:19.211 [JavaFX Application Thread] DEBUG Input                - Registered new binding: Toggle Debug Camera - CTRL+C
12:56:19.212 [JavaFX Application Thread] DEBUG LoopRunner           - Starting loop
12:56:19.213 [JavaFX Application Thread] DEBUG LoopRunner           - Initializing JavaFX AnimationTimerLoop
12:56:19.214 [JavaFX Application Thread] DEBUG GameApplicationServi - Starting new game
12:56:19.214 [JavaFX Application Thread] DEBUG Input                - Clearing active input actions
12:56:19.222 [JavaFX Application Thread] DEBUG GameApplicationServi - Removing overlay from FXGLStartupScene and adding to FXGLLoadingScene
12:56:19.223 [JavaFX Application Thread] DEBUG PrimaryStageWindow   - FXGLStartupScene -> FXGLLoadingScene
12:56:19.223 [JavaFX Application Thread] DEBUG GameApplicationServi - Clearing previous game
12:56:19.223 [JavaFX Application Thread] DEBUG GameScene            - Clearing game scene
12:56:19.223 [JavaFX Application Thread] DEBUG GameWorld            - Clearing game world
12:56:19.224 [JavaFX Application Thread] DEBUG PhysicsWorld         - Clearing physics world
12:56:19.225 [FXGL Background Thread 4 ] DEBUG FXGLApplication      - Initializing game
12:56:19.226 [FXGL Background Thread 4 ] INFO  FXGLApplication      - Game initialization took: 0,001 sec
12:56:19.256 [JavaFX Application Thread] DEBUG FXGLApplication      - Registering font factories with UI factory
12:56:19.260 [JavaFX Application Thread] DEBUG Input                - Clearing active input actions
12:56:19.266 [JavaFX Application Thread] DEBUG GameApplicationServi - Removing overlay from FXGLLoadingScene and adding to GameScene
12:56:19.266 [JavaFX Application Thread] DEBUG PrimaryStageWindow   - FXGLLoadingScene -> GameScene
12:56:19.665 [FXGL Background Thread 2 ] INFO  UpdaterService       - Your current version:  11.17
12:56:19.665 [FXGL Background Thread 2 ] INFO  UpdaterService       - Latest stable version: 17.2
12:56:20.494 [JavaFX Application Thread] DEBUG FXGLApplication      - Exiting FXGL
12:56:20.494 [JavaFX Application Thread] DEBUG LoopRunner           - Stopping loop
12:56:20.495 [JavaFX Application Thread] DEBUG SystemBundleService  - Saving FXGL system data
12:56:20.497 [JavaFX Application Thread] DEBUG FileSystemAccess     - Writing to: /Users/admin/IdeaProjects/DemoJumpAndRun/system/fxgl.bundle
12:56:20.498 [JavaFX Application Thread] DEBUG Async                - Shutting down background threads
12:56:20.499 [JavaFX Application Thread] DEBUG PrimaryStageWindow   - Closing main window
12:56:20.505 [JavaFX Application Thread] DEBUG Logger               - Closing Logger
